<?xml version="1.0" encoding="UTF-8"?>
<!-- Generated by org.testng.reporters.JUnitReportReporter -->
<testsuite hostname="DESKTOP-VEKRLTS" failures="0" tests="1" name="com.rest.RestAssured.RequestAndResponseLoging" time="13.475" errors="0" timestamp="16 Feb 2022 16:17:57 GMT">
  <testcase classname="com.rest.RestAssured.RequestAndResponseLoging" name="responseLoging" time="13.475"/>
</testsuite> <!-- com.rest.RestAssured.RequestAndResponseLoging -->
