<?xml version="1.0" encoding="UTF-8"?>
<!-- Generated by org.testng.reporters.JUnitReportReporter -->
<testsuite hostname="DESKTOP-VEKRLTS" failures="0" tests="1" name="com.rest.handlingHeaders.ResponseHeaderExtract" time="16.523" errors="0" timestamp="20 Feb 2022 17:44:26 GMT">
  <testcase classname="com.rest.handlingHeaders.ResponseHeaderExtract" name="responseHeaderExtract" time="16.523"/>
</testsuite> <!-- com.rest.handlingHeaders.ResponseHeaderExtract -->
