<?xml version="1.0" encoding="UTF-8"?>
<!-- Generated by org.testng.reporters.JUnitReportReporter -->
<testsuite hostname="DESKTOP-VEKRLTS" failures="0" tests="1" name="com.rest.handlingHeaders.MockServerMultipleHeadersInRequest" time="6.956" errors="0" timestamp="17 Feb 2022 17:20:04 GMT">
  <testcase classname="com.rest.handlingHeaders.MockServerMultipleHeadersInRequest" name="multipleHeaderProcessing" time="6.956"/>
</testsuite> <!-- com.rest.handlingHeaders.MockServerMultipleHeadersInRequest -->
