<?xml version="1.0" encoding="UTF-8"?>
<!-- Generated by org.testng.reporters.JUnitReportReporter -->
<testsuite hostname="DESKTOP-VEKRLTS" failures="0" tests="1" name="com.rest.RestAssured.RestTest" time="23.620" errors="0" timestamp="12 Feb 2022 17:00:28 GMT">
  <testcase classname="com.rest.RestAssured.RestTest" name="validateGetStatus" time="23.620"/>
</testsuite> <!-- com.rest.RestAssured.RestTest -->
