<?xml version="1.0" encoding="UTF-8"?>
<!-- Generated by org.testng.reporters.JUnitReportReporter -->
<testsuite hostname="DESKTOP-VEKRLTS" failures="1" tests="1" name="com.rest.handlingHeaders.MultiValueHeader" time="11.959" errors="0" timestamp="20 Feb 2022 17:32:59 GMT">
  <testcase classname="com.rest.handlingHeaders.MultiValueHeader" name="multiValuedHeaderImpliments" time="11.959">
    <failure message="2 expectations failed.
Expected header &quot;responseHeader&quot; was not &quot;resheaderValue1&quot;, was &quot;resheaderValu1&quot;. Headers are:
Date=Sun, 20 Feb 2022 17:32:57 GMT
Content-Type=application/json; charset=utf-8
Transfer-Encoding=chunked
Connection=keep-alive
Server=nginx
x-srv-trace=v=1;t=3dd70ea554bebebf
x-srv-span=v=1;s=47fe4fd427c652d3
Access-Control-Allow-Origin=*
X-RateLimit-Limit=120
X-RateLimit-Remaining=119
X-RateLimit-Reset=1645378437
responseHeader=resheaderValu1
ETag=W/&quot;20-l45HKCx3ndkDL/jA4U+NorTmPWU&quot;
Vary=Accept-Encoding
Content-Encoding=gzip

Expected header &quot;X-RateLimit-Remaining&quot; was not &quot;118&quot;, was &quot;119&quot;. Headers are:
Date=Sun, 20 Feb 2022 17:32:57 GMT
Content-Type=application/json; charset=utf-8
Transfer-Encoding=chunked
Connection=keep-alive
Server=nginx
x-srv-trace=v=1;t=3dd70ea554bebebf
x-srv-span=v=1;s=47fe4fd427c652d3
Access-Control-Allow-Origin=*
X-RateLimit-Limit=120
X-RateLimit-Remaining=119
X-RateLimit-Reset=1645378437
responseHeader=resheaderValu1
ETag=W/&quot;20-l45HKCx3ndkDL/jA4U+NorTmPWU&quot;
Vary=Accept-Encoding
Content-Encoding=gzip
" type="java.lang.AssertionError">
      <![CDATA[java.lang.AssertionError: 2 expectations failed.
Expected header "responseHeader" was not "resheaderValue1", was "resheaderValu1". Headers are:
Date=Sun, 20 Feb 2022 17:32:57 GMT
Content-Type=application/json; charset=utf-8
Transfer-Encoding=chunked
Connection=keep-alive
Server=nginx
x-srv-trace=v=1;t=3dd70ea554bebebf
x-srv-span=v=1;s=47fe4fd427c652d3
Access-Control-Allow-Origin=*
X-RateLimit-Limit=120
X-RateLimit-Remaining=119
X-RateLimit-Reset=1645378437
responseHeader=resheaderValu1
ETag=W/"20-l45HKCx3ndkDL/jA4U+NorTmPWU"
Vary=Accept-Encoding
Content-Encoding=gzip

Expected header "X-RateLimit-Remaining" was not "118", was "119". Headers are:
Date=Sun, 20 Feb 2022 17:32:57 GMT
Content-Type=application/json; charset=utf-8
Transfer-Encoding=chunked
Connection=keep-alive
Server=nginx
x-srv-trace=v=1;t=3dd70ea554bebebf
x-srv-span=v=1;s=47fe4fd427c652d3
Access-Control-Allow-Origin=*
X-RateLimit-Limit=120
X-RateLimit-Remaining=119
X-RateLimit-Reset=1645378437
responseHeader=resheaderValu1
ETag=W/"20-l45HKCx3ndkDL/jA4U+NorTmPWU"
Vary=Accept-Encoding
Content-Encoding=gzip

	at java.base/jdk.internal.reflect.NativeConstructorAccessorImpl.newInstance0(Native Method)
	at java.base/jdk.internal.reflect.NativeConstructorAccessorImpl.newInstance(Unknown Source)
	at java.base/jdk.internal.reflect.DelegatingConstructorAccessorImpl.newInstance(Unknown Source)
	at java.base/java.lang.reflect.Constructor.newInstance(Unknown Source)
	at org.codehaus.groovy.reflection.CachedConstructor.invoke(CachedConstructor.java:72)
	at org.codehaus.groovy.reflection.CachedConstructor.doConstructorInvoke(CachedConstructor.java:59)
	at org.codehaus.groovy.runtime.callsite.ConstructorSite$ConstructorSiteNoUnwrap.callConstructor(ConstructorSite.java:84)
	at org.codehaus.groovy.runtime.callsite.CallSiteArray.defaultCallConstructor(CallSiteArray.java:59)
	at org.codehaus.groovy.runtime.callsite.AbstractCallSite.callConstructor(AbstractCallSite.java:263)
	at org.codehaus.groovy.runtime.callsite.AbstractCallSite.callConstructor(AbstractCallSite.java:277)
	at io.restassured.internal.ResponseSpecificationImpl$HamcrestAssertionClosure.validate(ResponseSpecificationImpl.groovy:499)
	at io.restassured.internal.ResponseSpecificationImpl$HamcrestAssertionClosure$validate$1.call(Unknown Source)
	at io.restassured.internal.ResponseSpecificationImpl.validateResponseIfRequired(ResponseSpecificationImpl.groovy:684)
	at java.base/jdk.internal.reflect.NativeMethodAccessorImpl.invoke0(Native Method)
	at java.base/jdk.internal.reflect.NativeMethodAccessorImpl.invoke(Unknown Source)
	at java.base/jdk.internal.reflect.DelegatingMethodAccessorImpl.invoke(Unknown Source)
	at java.base/java.lang.reflect.Method.invoke(Unknown Source)
	at org.codehaus.groovy.runtime.callsite.PlainObjectMetaMethodSite.doInvoke(PlainObjectMetaMethodSite.java:43)
	at org.codehaus.groovy.runtime.callsite.PogoMetaMethodSite$PogoCachedMethodSiteNoUnwrapNoCoerce.invoke(PogoMetaMethodSite.java:193)
	at org.codehaus.groovy.runtime.callsite.PogoMetaMethodSite.callCurrent(PogoMetaMethodSite.java:61)
	at org.codehaus.groovy.runtime.callsite.CallSiteArray.defaultCallCurrent(CallSiteArray.java:51)
	at org.codehaus.groovy.runtime.callsite.AbstractCallSite.callCurrent(AbstractCallSite.java:171)
	at org.codehaus.groovy.runtime.callsite.AbstractCallSite.callCurrent(AbstractCallSite.java:185)
	at io.restassured.internal.ResponseSpecificationImpl.headers(ResponseSpecificationImpl.groovy:148)
	at io.restassured.specification.ResponseSpecification$headers$1.callCurrent(Unknown Source)
	at org.codehaus.groovy.runtime.callsite.CallSiteArray.defaultCallCurrent(CallSiteArray.java:51)
	at org.codehaus.groovy.runtime.callsite.AbstractCallSite.callCurrent(AbstractCallSite.java:171)
	at org.codehaus.groovy.runtime.callsite.AbstractCallSite.callCurrent(AbstractCallSite.java:185)
	at io.restassured.internal.ResponseSpecificationImpl.headers(ResponseSpecificationImpl.groovy:165)
	at io.restassured.internal.ValidatableResponseOptionsImpl.headers(ValidatableResponseOptionsImpl.java:109)
	at io.restassured.internal.ValidatableResponseImpl.super$2$headers(ValidatableResponseImpl.groovy)
	at java.base/jdk.internal.reflect.NativeMethodAccessorImpl.invoke0(Native Method)
	at java.base/jdk.internal.reflect.NativeMethodAccessorImpl.invoke(Unknown Source)
	at java.base/jdk.internal.reflect.DelegatingMethodAccessorImpl.invoke(Unknown Source)
	at java.base/java.lang.reflect.Method.invoke(Unknown Source)
	at org.codehaus.groovy.reflection.CachedMethod.invoke(CachedMethod.java:107)
	at groovy.lang.MetaMethod.doMethodInvoke(MetaMethod.java:323)
	at groovy.lang.MetaClassImpl.invokeMethod(MetaClassImpl.java:1268)
	at org.codehaus.groovy.runtime.ScriptBytecodeAdapter.invokeMethodOnSuperN(ScriptBytecodeAdapter.java:144)
	at io.restassured.internal.ValidatableResponseImpl.headers(ValidatableResponseImpl.groovy:166)
	at io.restassured.internal.ValidatableResponseImpl.headers(ValidatableResponseImpl.groovy)
	at com.rest.handlingHeaders.MultiValueHeader.multiValuedHeaderImpliments(MultiValueHeader.java:30)
	at java.base/jdk.internal.reflect.NativeMethodAccessorImpl.invoke0(Native Method)
	at java.base/jdk.internal.reflect.NativeMethodAccessorImpl.invoke(Unknown Source)
	at java.base/jdk.internal.reflect.DelegatingMethodAccessorImpl.invoke(Unknown Source)
	at java.base/java.lang.reflect.Method.invoke(Unknown Source)
	at org.testng.internal.MethodInvocationHelper.invokeMethod(MethodInvocationHelper.java:85)
	at org.testng.internal.Invoker.invokeMethod(Invoker.java:639)
	at org.testng.internal.Invoker.invokeTestMethod(Invoker.java:816)
	at org.testng.internal.Invoker.invokeTestMethods(Invoker.java:1124)
	at org.testng.internal.TestMethodWorker.invokeTestMethods(TestMethodWorker.java:125)
	at org.testng.internal.TestMethodWorker.run(TestMethodWorker.java:108)
	at org.testng.TestRunner.privateRun(TestRunner.java:774)
	at org.testng.TestRunner.run(TestRunner.java:624)
	at org.testng.SuiteRunner.runTest(SuiteRunner.java:359)
	at org.testng.SuiteRunner.runSequentially(SuiteRunner.java:354)
	at org.testng.SuiteRunner.privateRun(SuiteRunner.java:312)
	at org.testng.SuiteRunner.run(SuiteRunner.java:261)
	at org.testng.SuiteRunnerWorker.runSuite(SuiteRunnerWorker.java:52)
	at org.testng.SuiteRunnerWorker.run(SuiteRunnerWorker.java:86)
	at org.testng.TestNG.runSuitesSequentially(TestNG.java:1215)
	at org.testng.TestNG.runSuitesLocally(TestNG.java:1140)
	at org.testng.TestNG.run(TestNG.java:1048)
	at org.testng.remote.AbstractRemoteTestNG.run(AbstractRemoteTestNG.java:114)
	at org.testng.remote.RemoteTestNG.initAndRun(RemoteTestNG.java:251)
	at org.testng.remote.RemoteTestNG.main(RemoteTestNG.java:77)
]]>
    </failure>
  </testcase> <!-- multiValuedHeaderImpliments -->
</testsuite> <!-- com.rest.handlingHeaders.MultiValueHeader -->
