<?xml version="1.0" encoding="UTF-8"?>
<!-- Generated by org.testng.reporters.JUnitReportReporter -->
<testsuite hostname="DESKTOP-VEKRLTS" failures="0" tests="1" name="com.rest.RestAssured.ExtractResponse" time="6.994" errors="0" timestamp="12 Feb 2022 17:16:44 GMT">
  <testcase classname="com.rest.RestAssured.ExtractResponse" name="extractResponse" time="6.994"/>
</testsuite> <!-- com.rest.RestAssured.ExtractResponse -->
