<?xml version="1.0" encoding="UTF-8"?>
<!-- Generated by org.testng.reporters.JUnitReportReporter -->
<testsuite hostname="DESKTOP-VEKRLTS" failures="0" tests="1" name="com.rest.requestSpecification.IntroRequestSpecification" time="9.339" errors="0" timestamp="23 Feb 2022 16:31:05 GMT">
  <testcase classname="com.rest.requestSpecification.IntroRequestSpecification" name="responseLoging" time="9.339"/>
</testsuite> <!-- com.rest.requestSpecification.IntroRequestSpecification -->
