<?xml version="1.0" encoding="UTF-8"?>
<!-- Generated by org.testng.reporters.JUnitReportReporter -->
<testsuite hostname="DESKTOP-VEKRLTS" failures="0" tests="1" name="com.rest.RestAssured.ExtractSingleValueFromResponse" time="17.609" errors="0" timestamp="12 Feb 2022 17:25:41 GMT">
  <testcase classname="com.rest.RestAssured.ExtractSingleValueFromResponse" name="extractSingleValueFromResponse" time="17.609"/>
</testsuite> <!-- com.rest.RestAssured.ExtractSingleValueFromResponse -->
