<?xml version="1.0" encoding="UTF-8"?>
<!-- Generated by org.testng.reporters.JUnitReportReporter -->
<testsuite hostname="DESKTOP-VEKRLTS" failures="0" tests="1" name="com.rest.handlingHeaders.ExtractMultiValueResponseHeader" time="15.485" errors="0" timestamp="20 Feb 2022 17:52:38 GMT">
  <testcase classname="com.rest.handlingHeaders.ExtractMultiValueResponseHeader" name="extractMultivalueHeader" time="15.485"/>
</testsuite> <!-- com.rest.handlingHeaders.ExtractMultiValueResponseHeader -->
