<?xml version="1.0" encoding="UTF-8"?>
<!-- Generated by org.testng.reporters.JUnitReportReporter -->
<testsuite hostname="DESKTOP-VEKRLTS" failures="0" tests="1" name="com.rest.RestAssured.HamcrestAssertionsOnExtractedResponse" time="19.289" errors="0" timestamp="16 Feb 2022 15:51:56 GMT">
  <testcase classname="com.rest.RestAssured.HamcrestAssertionsOnExtractedResponse" name="extractResponse" time="19.289"/>
</testsuite> <!-- com.rest.RestAssured.HamcrestAssertionsOnExtractedResponse -->
