<?xml version="1.0" encoding="UTF-8"?>
<!-- Generated by org.testng.reporters.JUnitReportReporter -->
<testsuite hostname="DESKTOP-VEKRLTS" failures="0" tests="1" name="com.rest.RestAssured.HamcrestAssertionsOnExtractedResponse" time="21.235" errors="0" timestamp="13 Feb 2022 10:38:57 GMT">
  <testcase classname="com.rest.RestAssured.HamcrestAssertionsOnExtractedResponse" name="extractResponse" time="21.235"/>
</testsuite> <!-- com.rest.RestAssured.HamcrestAssertionsOnExtractedResponse -->
