<?xml version="1.0" encoding="UTF-8"?>
<!-- Generated by org.testng.reporters.JUnitReportReporter -->
<testsuite hostname="DESKTOP-VEKRLTS" failures="0" tests="1" name="com.rest.responseSpecification.ResponseSpecificationIntro" time="17.158" errors="0" timestamp="2 Mar 2022 16:47:55 GMT">
  <testcase classname="com.rest.responseSpecification.ResponseSpecificationIntro" name="responseLoging" time="17.158"/>
</testsuite> <!-- com.rest.responseSpecification.ResponseSpecificationIntro -->
